<?xml version="1.0" encoding="UTF-8"?>
<!-- Generated by org.testng.reporters.JUnitReportReporter -->
<testsuite hostname="AIPL-DSK-54" name="tests.LoginTest" tests="1" failures="0" timestamp="11 Apr 2017 07:00:05 GMT" time="0.310" errors="0">
  <testcase name="test" time="0.310" classname="tests.LoginTest"/>
</testsuite> <!-- tests.LoginTest -->
