<?xml version="1.0" encoding="UTF-8"?>
<!-- Generated by org.testng.reporters.JUnitReportReporter -->
<testsuite hostname="AIPL-DSK-54" name="utility.ReadExcel" tests="1" failures="0" timestamp="12 Apr 2017 11:53:07 GMT" time="0.519" errors="0">
  <testcase name="read" time="0.519" classname="utility.ReadExcel"/>
</testsuite> <!-- utility.ReadExcel -->
